<?xml version="1.0" encoding="UTF-8"?>
<testsuite name="CS_348_SP_2020.CIExercise.EndsWith6Test" tests="1" skipped="0" failures="0" errors="0" timestamp="2020-04-22T18:58:33" hostname="Noodle" time="0.01">
  <properties/>
  <testcase name="testToString()" classname="CS_348_SP_2020.CIExercise.EndsWith6Test" time="0.01"/>
  <system-out><![CDATA[]]></system-out>
  <system-err><![CDATA[]]></system-err>
</testsuite>
